# JRE version: OpenJDK Runtime Environment (8.0_152) (build 1.8.0_152-release-1343-b16-5323222)
# Java VM: OpenJDK 64-Bit Server VM (25.152-b16-5323222 mixed mode linux-amd64 compressed oops)
Heap:
 PSYoungGen      total 193536K, used 0K [0x00000000e0000000, 0x00000000efa80000, 0x0000000100000000)
  eden space 146432K, 0% used [0x00000000e0000000,0x00000000e0000000,0x00000000e8f00000)
  from space 47104K, 0% used [0x00000000ebf00000,0x00000000ebf00000,0x00000000eed00000)
  to   space 49152K, 0% used [0x00000000e8f00000,0x00000000e8f00000,0x00000000ebf00000)
 ParOldGen       total 140800K, used 116910K [0x00000000a0000000, 0x00000000a8980000, 0x00000000e0000000)
  object space 140800K, 83% used [0x00000000a0000000,0x00000000a722ba78,0x00000000a8980000)
 Metaspace       used 77897K, capacity 80402K, committed 80680K, reserved 1120256K
  class space    used 10185K, capacity 10768K, committed 10792K, reserved 1048576K
GC Heap History (10 events):
Event: 131.018 GC heap after
Heap after GC invocations=21 (full 3):
 PSYoungGen      total 132608K, used 14831K [0x00000000e0000000, 0x00000000ead00000, 0x0000000100000000)
  eden space 117760K, 0% used [0x00000000e0000000,0x00000000e0000000,0x00000000e7300000)
  from space 14848K, 99% used [0x00000000e8a00000,0x00000000e987bef0,0x00000000e9880000)
  to   space 23552K, 0% used [0x00000000e7300000,0x00000000e7300000,0x00000000e8a00000)
 ParOldGen       total 140800K, used 52222K [0x00000000a0000000, 0x00000000a8980000, 0x00000000e0000000)
  object space 140800K, 37% used [0x00000000a0000000,0x00000000a32ffb68,0x00000000a8980000)
 Metaspace       used 67351K, capacity 69338K, committed 69416K, reserved 1110016K
  class space    used 8964K, capacity 9464K, committed 9512K, reserved 1048576K
}
Event: 151.346 GC heap before
{Heap before GC invocations=22 (full 3):
 PSYoungGen      total 132608K, used 132591K [0x00000000e0000000, 0x00000000ead00000, 0x0000000100000000)
  eden space 117760K, 100% used [0x00000000e0000000,0x00000000e7300000,0x00000000e7300000)
  from space 14848K, 99% used [0x00000000e8a00000,0x00000000e987bef0,0x00000000e9880000)
  to   space 23552K, 0% used [0x00000000e7300000,0x00000000e7300000,0x00000000e8a00000)
 ParOldGen       total 140800K, used 52222K [0x00000000a0000000, 0x00000000a8980000, 0x00000000e0000000)
  object space 140800K, 37% used [0x00000000a0000000,0x00000000a32ffb68,0x00000000a8980000)
 Metaspace       used 74384K, capacity 76464K, committed 76712K, reserved 1116160K
  class space    used 9790K, capacity 10297K, committed 10408K, reserved 1048576K
Event: 151.392 GC heap after
Heap after GC invocations=22 (full 3):
 PSYoungGen      total 141312K, used 23525K [0x00000000e0000000, 0x00000000eb600000, 0x0000000100000000)
  eden space 117760K, 0% used [0x00000000e0000000,0x00000000e0000000,0x00000000e7300000)
  from space 23552K, 99% used [0x00000000e7300000,0x00000000e89f9420,0x00000000e8a00000)
  to   space 29696K, 0% used [0x00000000e9900000,0x00000000e9900000,0x00000000eb600000)
 ParOldGen       total 140800K, used 58458K [0x00000000a0000000, 0x00000000a8980000, 0x00000000e0000000)
  object space 140800K, 41% used [0x00000000a0000000,0x00000000a3916aa8,0x00000000a8980000)
 Metaspace       used 74384K, capacity 76464K, committed 76712K, reserved 1116160K
  class space    used 9790K, capacity 10297K, committed 10408K, reserved 1048576K
}
Event: 153.940 GC heap before
{Heap before GC invocations=23 (full 3):
 PSYoungGen      total 141312K, used 141282K [0x00000000e0000000, 0x00000000eb600000, 0x0000000100000000)
  eden space 117760K, 99% used [0x00000000e0000000,0x00000000e72ff750,0x00000000e7300000)
  from space 23552K, 99% used [0x00000000e7300000,0x00000000e89f9420,0x00000000e8a00000)
  to   space 29696K, 0% used [0x00000000e9900000,0x00000000e9900000,0x00000000eb600000)
 ParOldGen       total 140800K, used 58458K [0x00000000a0000000, 0x00000000a8980000, 0x00000000e0000000)
  object space 140800K, 41% used [0x00000000a0000000,0x00000000a3916aa8,0x00000000a8980000)
 Metaspace       used 77717K, capacity 80284K, committed 80424K, reserved 1118208K
  class space    used 10186K, capacity 10773K, committed 10792K, reserved 1048576K
Event: 154.003 GC heap after
Heap after GC invocations=23 (full 3):
 PSYoungGen      total 153088K, used 27959K [0x00000000e0000000, 0x00000000ec700000, 0x0000000100000000)
  eden space 123392K, 0% used [0x00000000e0000000,0x00000000e0000000,0x00000000e7880000)
  from space 29696K, 94% used [0x00000000e9900000,0x00000000eb44df98,0x00000000eb600000)
  to   space 33280K, 0% used [0x00000000e7880000,0x00000000e7880000,0x00000000e9900000)
 ParOldGen       total 140800K, used 78524K [0x00000000a0000000, 0x00000000a8980000, 0x00000000e0000000)
  object space 140800K, 55% used [0x00000000a0000000,0x00000000a4caf248,0x00000000a8980000)
 Metaspace       used 77717K, capacity 80284K, committed 80424K, reserved 1118208K
  class space    used 10186K, capacity 10773K, committed 10792K, reserved 1048576K
}
Event: 155.453 GC heap before
{Heap before GC invocations=24 (full 3):
 PSYoungGen      total 153088K, used 151351K [0x00000000e0000000, 0x00000000ec700000, 0x0000000100000000)
  eden space 123392K, 100% used [0x00000000e0000000,0x00000000e7880000,0x00000000e7880000)
  from space 29696K, 94% used [0x00000000e9900000,0x00000000eb44df98,0x00000000eb600000)
  to   space 33280K, 0% used [0x00000000e7880000,0x00000000e7880000,0x00000000e9900000)
 ParOldGen       total 140800K, used 78524K [0x00000000a0000000, 0x00000000a8980000, 0x00000000e0000000)
  object space 140800K, 55% used [0x00000000a0000000,0x00000000a4caf248,0x00000000a8980000)
 Metaspace       used 77717K, capacity 80284K, committed 80424K, reserved 1118208K
  class space    used 10186K, capacity 10773K, committed 10792K, reserved 1048576K
Event: 155.489 GC heap after
Heap after GC invocations=24 (full 3):
 PSYoungGen      total 156672K, used 33257K [0x00000000e0000000, 0x00000000eed00000, 0x0000000100000000)
  eden space 123392K, 0% used [0x00000000e0000000,0x00000000e0000000,0x00000000e7880000)
  from space 33280K, 99% used [0x00000000e7880000,0x00000000e98fa400,0x00000000e9900000)
  to   space 47104K, 0% used [0x00000000ebf00000,0x00000000ebf00000,0x00000000eed00000)
 ParOldGen       total 140800K, used 100815K [0x00000000a0000000, 0x00000000a8980000, 0x00000000e0000000)
  object space 140800K, 71% used [0x00000000a0000000,0x00000000a6273cf8,0x00000000a8980000)
 Metaspace       used 77717K, capacity 80284K, committed 80424K, reserved 1118208K
  class space    used 10186K, capacity 10773K, committed 10792K, reserved 1048576K
}
Event: 156.334 GC heap before
{Heap before GC invocations=25 (full 3):
 PSYoungGen      total 156672K, used 156649K [0x00000000e0000000, 0x00000000eed00000, 0x0000000100000000)
  eden space 123392K, 100% used [0x00000000e0000000,0x00000000e7880000,0x00000000e7880000)
  from space 33280K, 99% used [0x00000000e7880000,0x00000000e98fa400,0x00000000e9900000)
  to   space 47104K, 0% used [0x00000000ebf00000,0x00000000ebf00000,0x00000000eed00000)
 ParOldGen       total 140800K, used 100815K [0x00000000a0000000, 0x00000000a8980000, 0x00000000e0000000)
  object space 140800K, 71% used [0x00000000a0000000,0x00000000a6273cf8,0x00000000a8980000)
 Metaspace       used 77924K, capacity 80474K, committed 80680K, reserved 1120256K
  class space    used 10194K, capacity 10784K, committed 10792K, reserved 1048576K
Event: 156.399 GC heap after
Heap after GC invocations=25 (full 3):
 PSYoungGen      total 193536K, used 32453K [0x00000000e0000000, 0x00000000efa80000, 0x0000000100000000)
  eden space 146432K, 0% used [0x00000000e0000000,0x00000000e0000000,0x00000000e8f00000)
  from space 47104K, 68% used [0x00000000ebf00000,0x00000000edeb17d8,0x00000000eed00000)
  to   space 49152K, 0% used [0x00000000e8f00000,0x00000000e8f00000,0x00000000ebf00000)
 ParOldGen       total 140800K, used 125711K [0x00000000a0000000, 0x00000000a8980000, 0x00000000e0000000)
  object space 140800K, 89% used [0x00000000a0000000,0x00000000a7ac3dd0,0x00000000a8980000)
 Metaspace       used 77924K, capacity 80474K, committed 80680K, reserved 1120256K
  class space    used 10194K, capacity 10784K, committed 10792K, reserved 1048576K
}
Event: 156.565 GC heap before
{Heap before GC invocations=26 (full 4):
 PSYoungGen      total 193536K, used 32453K [0x00000000e0000000, 0x00000000efa80000, 0x0000000100000000)
  eden space 146432K, 0% used [0x00000000e0000000,0x00000000e0000000,0x00000000e8f00000)
  from space 47104K, 68% used [0x00000000ebf00000,0x00000000edeb17d8,0x00000000eed00000)
  to   space 49152K, 0% used [0x00000000e8f00000,0x00000000e8f00000,0x00000000ebf00000)
 ParOldGen       total 140800K, used 125711K [0x00000000a0000000, 0x00000000a8980000, 0x00000000e0000000)
  object space 140800K, 89% used [0x00000000a0000000,0x00000000a7ac3dd0,0x00000000a8980000)
 Metaspace       used 77924K, capacity 80474K, committed 80680K, reserved 1120256K
  class space    used 10194K, capacity 10784K, committed 10792K, reserved 1048576K

