# JRE version: Java(TM) SE Runtime Environment (8.0_91-b14) (build 1.8.0_91-b14)
# Java VM: Java HotSpot(TM) 64-Bit Server VM (25.91-b14 mixed mode linux-amd64 compressed oops)
Heap:
 PSYoungGen      total 688128K, used 105454K [0x000000076ab00000, 0x000000079be00000, 0x00000007c0000000)
  eden space 582656K, 0% used [0x000000076ab00000,0x000000076ab00000,0x000000078e400000)
  from space 105472K, 99% used [0x000000078e400000,0x0000000794afb898,0x0000000794b00000)
  to   space 98816K, 0% used [0x0000000794b00000,0x0000000794b00000,0x000000079ab80000)
 ParOldGen       total 613888K, used 552117K [0x00000006c0000000, 0x00000006e5780000, 0x000000076ab00000)
  object space 613888K, 89% used [0x00000006c0000000,0x00000006e1b2d618,0x00000006e5780000)
 Metaspace       used 6463K, capacity 7280K, committed 7552K, reserved 1056768K
  class space    used 603K, capacity 616K, committed 640K, reserved 1048576K
GC Heap History (10 events):
Event: 81.082 GC heap after
Heap after GC invocations=22 (full 4):
 PSYoungGen      total 548352K, used 63310K [0x000000076ab00000, 0x0000000792c00000, 0x00000007c0000000)
  eden space 466432K, 0% used [0x000000076ab00000,0x000000076ab00000,0x0000000787280000)
  from space 81920K, 77% used [0x000000078c900000,0x00000007906d3b38,0x0000000791900000)
  to   space 88576K, 0% used [0x0000000787280000,0x0000000787280000,0x000000078c900000)
 ParOldGen       total 330240K, used 310112K [0x00000006c0000000, 0x00000006d4280000, 0x000000076ab00000)
  object space 330240K, 93% used [0x00000006c0000000,0x00000006d2ed8070,0x00000006d4280000)
 Metaspace       used 6449K, capacity 7280K, committed 7552K, reserved 1056768K
  class space    used 602K, capacity 616K, committed 640K, reserved 1048576K
}
Event: 81.426 GC heap before
{Heap before GC invocations=23 (full 5):
 PSYoungGen      total 548352K, used 63310K [0x000000076ab00000, 0x0000000792c00000, 0x00000007c0000000)
  eden space 466432K, 0% used [0x000000076ab00000,0x000000076ab00000,0x0000000787280000)
  from space 81920K, 77% used [0x000000078c900000,0x00000007906d3b38,0x0000000791900000)
  to   space 88576K, 0% used [0x0000000787280000,0x0000000787280000,0x000000078c900000)
 ParOldGen       total 330240K, used 310112K [0x00000006c0000000, 0x00000006d4280000, 0x000000076ab00000)
  object space 330240K, 93% used [0x00000006c0000000,0x00000006d2ed8070,0x00000006d4280000)
 Metaspace       used 6449K, capacity 7280K, committed 7552K, reserved 1056768K
  class space    used 602K, capacity 616K, committed 640K, reserved 1048576K
Event: 84.774 GC heap after
Heap after GC invocations=23 (full 5):
 PSYoungGen      total 548352K, used 40956K [0x000000076ab00000, 0x0000000792c00000, 0x00000007c0000000)
  eden space 466432K, 0% used [0x000000076ab00000,0x000000076ab00000,0x0000000787280000)
  from space 81920K, 49% used [0x000000078c900000,0x000000078f0ff338,0x0000000791900000)
  to   space 88576K, 0% used [0x0000000787280000,0x0000000787280000,0x000000078c900000)
 ParOldGen       total 459264K, used 329863K [0x00000006c0000000, 0x00000006dc080000, 0x000000076ab00000)
  object space 459264K, 71% used [0x00000006c0000000,0x00000006d4221db0,0x00000006dc080000)
 Metaspace       used 6449K, capacity 7280K, committed 7552K, reserved 1056768K
  class space    used 602K, capacity 616K, committed 640K, reserved 1048576K
}
Event: 89.911 GC heap before
{Heap before GC invocations=24 (full 5):
 PSYoungGen      total 548352K, used 507388K [0x000000076ab00000, 0x0000000792c00000, 0x00000007c0000000)
  eden space 466432K, 100% used [0x000000076ab00000,0x0000000787280000,0x0000000787280000)
  from space 81920K, 49% used [0x000000078c900000,0x000000078f0ff338,0x0000000791900000)
  to   space 88576K, 0% used [0x0000000787280000,0x0000000787280000,0x000000078c900000)
 ParOldGen       total 459264K, used 329863K [0x00000006c0000000, 0x00000006dc080000, 0x000000076ab00000)
  object space 459264K, 71% used [0x00000006c0000000,0x00000006d4221db0,0x00000006dc080000)
 Metaspace       used 6450K, capacity 7280K, committed 7552K, reserved 1056768K
  class space    used 602K, capacity 616K, committed 640K, reserved 1048576K
Event: 93.132 GC heap after
Heap after GC invocations=24 (full 5):
 PSYoungGen      total 555008K, used 75194K [0x000000076ab00000, 0x000000079ab80000, 0x00000007c0000000)
  eden space 466432K, 0% used [0x000000076ab00000,0x000000076ab00000,0x0000000787280000)
  from space 88576K, 84% used [0x0000000787280000,0x000000078bbee800,0x000000078c900000)
  to   space 98816K, 0% used [0x0000000794b00000,0x0000000794b00000,0x000000079ab80000)
 ParOldGen       total 459264K, used 368101K [0x00000006c0000000, 0x00000006dc080000, 0x000000076ab00000)
  object space 459264K, 80% used [0x00000006c0000000,0x00000006d67794d0,0x00000006dc080000)
 Metaspace       used 6450K, capacity 7280K, committed 7552K, reserved 1056768K
  class space    used 602K, capacity 616K, committed 640K, reserved 1048576K
}
Event: 101.344 GC heap before
{Heap before GC invocations=25 (full 5):
 PSYoungGen      total 555008K, used 541626K [0x000000076ab00000, 0x000000079ab80000, 0x00000007c0000000)
  eden space 466432K, 100% used [0x000000076ab00000,0x0000000787280000,0x0000000787280000)
  from space 88576K, 84% used [0x0000000787280000,0x000000078bbee800,0x000000078c900000)
  to   space 98816K, 0% used [0x0000000794b00000,0x0000000794b00000,0x000000079ab80000)
 ParOldGen       total 459264K, used 368101K [0x00000006c0000000, 0x00000006dc080000, 0x000000076ab00000)
  object space 459264K, 80% used [0x00000006c0000000,0x00000006d67794d0,0x00000006dc080000)
 Metaspace       used 6460K, capacity 7280K, committed 7552K, reserved 1056768K
  class space    used 603K, capacity 616K, committed 640K, reserved 1048576K
Event: 111.558 GC heap after
Heap after GC invocations=25 (full 5):
 PSYoungGen      total 681472K, used 73591K [0x000000076ab00000, 0x000000079be00000, 0x00000007c0000000)
  eden space 582656K, 0% used [0x000000076ab00000,0x000000076ab00000,0x000000078e400000)
  from space 98816K, 74% used [0x0000000794b00000,0x00000007992dde98,0x000000079ab80000)
  to   space 105472K, 0% used [0x000000078e400000,0x000000078e400000,0x0000000794b00000)
 ParOldGen       total 459264K, used 440526K [0x00000006c0000000, 0x00000006dc080000, 0x000000076ab00000)
  object space 459264K, 95% used [0x00000006c0000000,0x00000006dae33b60,0x00000006dc080000)
 Metaspace       used 6460K, capacity 7280K, committed 7552K, reserved 1056768K
  class space    used 603K, capacity 616K, committed 640K, reserved 1048576K
}
Event: 111.558 GC heap before
{Heap before GC invocations=26 (full 6):
 PSYoungGen      total 681472K, used 73591K [0x000000076ab00000, 0x000000079be00000, 0x00000007c0000000)
  eden space 582656K, 0% used [0x000000076ab00000,0x000000076ab00000,0x000000078e400000)
  from space 98816K, 74% used [0x0000000794b00000,0x00000007992dde98,0x000000079ab80000)
  to   space 105472K, 0% used [0x000000078e400000,0x000000078e400000,0x0000000794b00000)
 ParOldGen       total 459264K, used 440526K [0x00000006c0000000, 0x00000006dc080000, 0x000000076ab00000)
  object space 459264K, 95% used [0x00000006c0000000,0x00000006dae33b60,0x00000006dc080000)
 Metaspace       used 6460K, capacity 7280K, committed 7552K, reserved 1056768K
  class space    used 603K, capacity 616K, committed 640K, reserved 1048576K
Event: 118.149 GC heap after
Heap after GC invocations=26 (full 6):
 PSYoungGen      total 681472K, used 53322K [0x000000076ab00000, 0x000000079be00000, 0x00000007c0000000)
  eden space 582656K, 0% used [0x000000076ab00000,0x000000076ab00000,0x000000078e400000)
  from space 98816K, 53% used [0x0000000794b00000,0x0000000797f12850,0x000000079ab80000)
  to   space 105472K, 0% used [0x000000078e400000,0x000000078e400000,0x0000000794b00000)
 ParOldGen       total 613888K, used 459176K [0x00000006c0000000, 0x00000006e5780000, 0x000000076ab00000)
  object space 613888K, 74% used [0x00000006c0000000,0x00000006dc06a110,0x00000006e5780000)
 Metaspace       used 6460K, capacity 7280K, committed 7552K, reserved 1056768K
  class space    used 603K, capacity 616K, committed 640K, reserved 1048576K
}
Event: 130.512 GC heap before
{Heap before GC invocations=27 (full 6):
 PSYoungGen      total 681472K, used 635978K [0x000000076ab00000, 0x000000079be00000, 0x00000007c0000000)
  eden space 582656K, 100% used [0x000000076ab00000,0x000000078e400000,0x000000078e400000)
  from space 98816K, 53% used [0x0000000794b00000,0x0000000797f12850,0x000000079ab80000)
  to   space 105472K, 0% used [0x000000078e400000,0x000000078e400000,0x0000000794b00000)
 ParOldGen       total 613888K, used 459176K [0x00000006c0000000, 0x00000006e5780000, 0x000000076ab00000)
  object space 613888K, 74% used [0x00000006c0000000,0x00000006dc06a110,0x00000006e5780000)
 Metaspace       used 6463K, capacity 7280K, committed 7552K, reserved 1056768K
  class space    used 603K, capacity 616K, committed 640K, reserved 1048576K

