# JRE version: Java(TM) SE Runtime Environment (8.0_91-b14) (build 1.8.0_91-b14)
# Java VM: Java HotSpot(TM) 64-Bit Server VM (25.91-b14 mixed mode linux-amd64 compressed oops)
Heap:
 PSYoungGen      total 1103360K, used 0K [0x000000076ab00000, 0x00000007c0000000, 0x00000007c0000000)
  eden space 949760K, 0% used [0x000000076ab00000,0x000000076ab00000,0x00000007a4a80000)
  from space 153600K, 0% used [0x00000007a4a80000,0x00000007a4a80000,0x00000007ae080000)
  to   space 231936K, 0% used [0x00000007b1d80000,0x00000007b1d80000,0x00000007c0000000)
 ParOldGen       total 896512K, used 868890K [0x00000006c0000000, 0x00000006f6b80000, 0x000000076ab00000)
  object space 896512K, 96% used [0x00000006c0000000,0x00000006f5086a88,0x00000006f6b80000)
 Metaspace       used 6791K, capacity 7574K, committed 7936K, reserved 1056768K
  class space    used 626K, capacity 654K, committed 768K, reserved 1048576K
GC Heap History (10 events):
Event: 150.209 GC heap after
Heap after GC invocations=27 (full 7):
 PSYoungGen      total 876032K, used 123356K [0x000000076ab00000, 0x00000007b5b80000, 0x00000007c0000000)
  eden space 748544K, 0% used [0x000000076ab00000,0x000000076ab00000,0x0000000798600000)
  from space 127488K, 96% used [0x00000007a4980000,0x00000007ac1f73d0,0x00000007ac600000)
  to   space 200192K, 0% used [0x0000000798600000,0x0000000798600000,0x00000007a4980000)
 ParOldGen       total 708096K, used 547264K [0x00000006c0000000, 0x00000006eb380000, 0x000000076ab00000)
  object space 708096K, 77% used [0x00000006c0000000,0x00000006e16703a8,0x00000006eb380000)
 Metaspace       used 6465K, capacity 7280K, committed 7552K, reserved 1056768K
  class space    used 606K, capacity 616K, committed 640K, reserved 1048576K
}
Event: 154.131 GC heap before
{Heap before GC invocations=28 (full 7):
 PSYoungGen      total 876032K, used 871900K [0x000000076ab00000, 0x00000007b5b80000, 0x00000007c0000000)
  eden space 748544K, 100% used [0x000000076ab00000,0x0000000798600000,0x0000000798600000)
  from space 127488K, 96% used [0x00000007a4980000,0x00000007ac1f73d0,0x00000007ac600000)
  to   space 200192K, 0% used [0x0000000798600000,0x0000000798600000,0x00000007a4980000)
 ParOldGen       total 708096K, used 547264K [0x00000006c0000000, 0x00000006eb380000, 0x000000076ab00000)
  object space 708096K, 77% used [0x00000006c0000000,0x00000006e16703a8,0x00000006eb380000)
 Metaspace       used 6465K, capacity 7280K, committed 7552K, reserved 1056768K
  class space    used 606K, capacity 616K, committed 640K, reserved 1048576K
Event: 162.115 GC heap after
Heap after GC invocations=28 (full 7):
 PSYoungGen      total 948736K, used 173452K [0x000000076ab00000, 0x00000007c0000000, 0x00000007c0000000)
  eden space 748544K, 0% used [0x000000076ab00000,0x000000076ab00000,0x0000000798600000)
  from space 200192K, 86% used [0x0000000798600000,0x00000007a2f63258,0x00000007a4980000)
  to   space 226304K, 0% used [0x00000007b2300000,0x00000007b2300000,0x00000007c0000000)
 ParOldGen       total 708096K, used 658061K [0x00000006c0000000, 0x00000006eb380000, 0x000000076ab00000)
  object space 708096K, 92% used [0x00000006c0000000,0x00000006e82a34b0,0x00000006eb380000)
 Metaspace       used 6465K, capacity 7280K, committed 7552K, reserved 1056768K
  class space    used 606K, capacity 616K, committed 640K, reserved 1048576K
}
Event: 162.115 GC heap before
{Heap before GC invocations=29 (full 8):
 PSYoungGen      total 948736K, used 173452K [0x000000076ab00000, 0x00000007c0000000, 0x00000007c0000000)
  eden space 748544K, 0% used [0x000000076ab00000,0x000000076ab00000,0x0000000798600000)
  from space 200192K, 86% used [0x0000000798600000,0x00000007a2f63258,0x00000007a4980000)
  to   space 226304K, 0% used [0x00000007b2300000,0x00000007b2300000,0x00000007c0000000)
 ParOldGen       total 708096K, used 658061K [0x00000006c0000000, 0x00000006eb380000, 0x000000076ab00000)
  object space 708096K, 92% used [0x00000006c0000000,0x00000006e82a34b0,0x00000006eb380000)
 Metaspace       used 6465K, capacity 7280K, committed 7552K, reserved 1056768K
  class space    used 606K, capacity 616K, committed 640K, reserved 1048576K
Event: 166.744 GC heap after
Heap after GC invocations=29 (full 8):
 PSYoungGen      total 948736K, used 43181K [0x000000076ab00000, 0x00000007c0000000, 0x00000007c0000000)
  eden space 748544K, 0% used [0x000000076ab00000,0x000000076ab00000,0x0000000798600000)
  from space 200192K, 21% used [0x0000000798600000,0x000000079b02b490,0x00000007a4980000)
  to   space 226304K, 0% used [0x00000007b2300000,0x00000007b2300000,0x00000007c0000000)
 ParOldGen       total 896512K, used 707687K [0x00000006c0000000, 0x00000006f6b80000, 0x000000076ab00000)
  object space 896512K, 78% used [0x00000006c0000000,0x00000006eb319ce8,0x00000006f6b80000)
 Metaspace       used 6465K, capacity 7280K, committed 7552K, reserved 1056768K
  class space    used 606K, capacity 616K, committed 640K, reserved 1048576K
}
Event: 187.982 GC heap before
{Heap before GC invocations=30 (full 8):
 PSYoungGen      total 948736K, used 791725K [0x000000076ab00000, 0x00000007c0000000, 0x00000007c0000000)
  eden space 748544K, 100% used [0x000000076ab00000,0x0000000798600000,0x0000000798600000)
  from space 200192K, 21% used [0x0000000798600000,0x000000079b02b490,0x00000007a4980000)
  to   space 226304K, 0% used [0x00000007b2300000,0x00000007b2300000,0x00000007c0000000)
 ParOldGen       total 896512K, used 707687K [0x00000006c0000000, 0x00000006f6b80000, 0x000000076ab00000)
  object space 896512K, 78% used [0x00000006c0000000,0x00000006eb319ce8,0x00000006f6b80000)
 Metaspace       used 6465K, capacity 7280K, committed 7552K, reserved 1056768K
  class space    used 606K, capacity 616K, committed 640K, reserved 1048576K
Event: 194.673 GC heap after
Heap after GC invocations=30 (full 8):
 PSYoungGen      total 1166336K, used 99887K [0x000000076ab00000, 0x00000007bf680000, 0x00000007c0000000)
  eden space 949760K, 0% used [0x000000076ab00000,0x000000076ab00000,0x00000007a4a80000)
  from space 216576K, 46% used [0x00000007b2300000,0x00000007b848bed0,0x00000007bf680000)
  to   space 219136K, 0% used [0x00000007a4a80000,0x00000007a4a80000,0x00000007b2080000)
 ParOldGen       total 896512K, used 751537K [0x00000006c0000000, 0x00000006f6b80000, 0x000000076ab00000)
  object space 896512K, 83% used [0x00000006c0000000,0x00000006eddec4f8,0x00000006f6b80000)
 Metaspace       used 6465K, capacity 7280K, committed 7552K, reserved 1056768K
  class space    used 606K, capacity 616K, committed 640K, reserved 1048576K
}
Event: 227.060 GC heap before
{Heap before GC invocations=31 (full 8):
 PSYoungGen      total 1166336K, used 1049647K [0x000000076ab00000, 0x00000007bf680000, 0x00000007c0000000)
  eden space 949760K, 100% used [0x000000076ab00000,0x00000007a4a80000,0x00000007a4a80000)
  from space 216576K, 46% used [0x00000007b2300000,0x00000007b848bed0,0x00000007bf680000)
  to   space 219136K, 0% used [0x00000007a4a80000,0x00000007a4a80000,0x00000007b2080000)
 ParOldGen       total 896512K, used 751537K [0x00000006c0000000, 0x00000006f6b80000, 0x000000076ab00000)
  object space 896512K, 83% used [0x00000006c0000000,0x00000006eddec4f8,0x00000006f6b80000)
 Metaspace       used 6791K, capacity 7574K, committed 7936K, reserved 1056768K
  class space    used 626K, capacity 654K, committed 768K, reserved 1048576K
Event: 232.996 GC heap after
Heap after GC invocations=31 (full 8):
 PSYoungGen      total 1103360K, used 153197K [0x000000076ab00000, 0x00000007c0000000, 0x00000007c0000000)
  eden space 949760K, 0% used [0x000000076ab00000,0x000000076ab00000,0x00000007a4a80000)
  from space 153600K, 99% used [0x00000007a4a80000,0x00000007ae01b408,0x00000007ae080000)
  to   space 231936K, 0% used [0x00000007b1d80000,0x00000007b1d80000,0x00000007c0000000)
 ParOldGen       total 896512K, used 848615K [0x00000006c0000000, 0x00000006f6b80000, 0x000000076ab00000)
  object space 896512K, 94% used [0x00000006c0000000,0x00000006f3cb9d78,0x00000006f6b80000)
 Metaspace       used 6791K, capacity 7574K, committed 7936K, reserved 1056768K
  class space    used 626K, capacity 654K, committed 768K, reserved 1048576K
}
Event: 232.996 GC heap before
{Heap before GC invocations=32 (full 9):
 PSYoungGen      total 1103360K, used 153197K [0x000000076ab00000, 0x00000007c0000000, 0x00000007c0000000)
  eden space 949760K, 0% used [0x000000076ab00000,0x000000076ab00000,0x00000007a4a80000)
  from space 153600K, 99% used [0x00000007a4a80000,0x00000007ae01b408,0x00000007ae080000)
  to   space 231936K, 0% used [0x00000007b1d80000,0x00000007b1d80000,0x00000007c0000000)
 ParOldGen       total 896512K, used 848615K [0x00000006c0000000, 0x00000006f6b80000, 0x000000076ab00000)
  object space 896512K, 94% used [0x00000006c0000000,0x00000006f3cb9d78,0x00000006f6b80000)
 Metaspace       used 6791K, capacity 7574K, committed 7936K, reserved 1056768K
  class space    used 626K, capacity 654K, committed 768K, reserved 1048576K

