# JRE version: Java(TM) SE Runtime Environment (8.0_91-b14) (build 1.8.0_91-b14)
# Java VM: Java HotSpot(TM) 64-Bit Server VM (25.91-b14 mixed mode linux-amd64 compressed oops)
Heap:
 PSYoungGen      total 840704K, used 118770K [0x000000076ab00000, 0x00000007a7080000, 0x00000007c0000000)
  eden space 713728K, 0% used [0x000000076ab00000,0x000000076ab00000,0x0000000796400000)
  from space 126976K, 93% used [0x0000000796400000,0x000000079d7fc990,0x000000079e000000)
  to   space 114688K, 0% used [0x000000079e000000,0x000000079e000000,0x00000007a5000000)
 ParOldGen       total 527872K, used 471434K [0x00000006c0000000, 0x00000006e0380000, 0x000000076ab00000)
  object space 527872K, 89% used [0x00000006c0000000,0x00000006dcc62928,0x00000006e0380000)
 Metaspace       used 6476K, capacity 7280K, committed 7552K, reserved 1056768K
  class space    used 604K, capacity 616K, committed 640K, reserved 1048576K
GC Heap History (10 events):
Event: 71.356 GC heap after
Heap after GC invocations=21 (full 5):
 PSYoungGen      total 633856K, used 62585K [0x000000076ab00000, 0x000000079bb00000, 0x00000007c0000000)
  eden space 566272K, 0% used [0x000000076ab00000,0x000000076ab00000,0x000000078d400000)
  from space 67584K, 92% used [0x0000000793580000,0x000000079729e7e8,0x0000000797780000)
  to   space 99840K, 0% used [0x000000078d400000,0x000000078d400000,0x0000000793580000)
 ParOldGen       total 316416K, used 236382K [0x00000006c0000000, 0x00000006d3500000, 0x000000076ab00000)
  object space 316416K, 74% used [0x00000006c0000000,0x00000006ce6d79e0,0x00000006d3500000)
 Metaspace       used 6460K, capacity 7280K, committed 7552K, reserved 1056768K
  class space    used 603K, capacity 616K, committed 640K, reserved 1048576K
}
Event: 86.655 GC heap before
{Heap before GC invocations=22 (full 5):
 PSYoungGen      total 633856K, used 628857K [0x000000076ab00000, 0x000000079bb00000, 0x00000007c0000000)
  eden space 566272K, 100% used [0x000000076ab00000,0x000000078d400000,0x000000078d400000)
  from space 67584K, 92% used [0x0000000793580000,0x000000079729e7e8,0x0000000797780000)
  to   space 99840K, 0% used [0x000000078d400000,0x000000078d400000,0x0000000793580000)
 ParOldGen       total 316416K, used 236382K [0x00000006c0000000, 0x00000006d3500000, 0x000000076ab00000)
  object space 316416K, 74% used [0x00000006c0000000,0x00000006ce6d79e0,0x00000006d3500000)
 Metaspace       used 6462K, capacity 7280K, committed 7552K, reserved 1056768K
  class space    used 603K, capacity 616K, committed 640K, reserved 1048576K
Event: 92.755 GC heap after
Heap after GC invocations=22 (full 5):
 PSYoungGen      total 666112K, used 91640K [0x000000076ab00000, 0x00000007a5000000, 0x00000007c0000000)
  eden space 566272K, 0% used [0x000000076ab00000,0x000000076ab00000,0x000000078d400000)
  from space 99840K, 91% used [0x000000078d400000,0x0000000792d7e180,0x0000000793580000)
  to   space 114688K, 0% used [0x000000079e000000,0x000000079e000000,0x00000007a5000000)
 ParOldGen       total 316416K, used 296882K [0x00000006c0000000, 0x00000006d3500000, 0x000000076ab00000)
  object space 316416K, 93% used [0x00000006c0000000,0x00000006d21ecac8,0x00000006d3500000)
 Metaspace       used 6462K, capacity 7280K, committed 7552K, reserved 1056768K
  class space    used 603K, capacity 616K, committed 640K, reserved 1048576K
}
Event: 92.755 GC heap before
{Heap before GC invocations=23 (full 6):
 PSYoungGen      total 666112K, used 91640K [0x000000076ab00000, 0x00000007a5000000, 0x00000007c0000000)
  eden space 566272K, 0% used [0x000000076ab00000,0x000000076ab00000,0x000000078d400000)
  from space 99840K, 91% used [0x000000078d400000,0x0000000792d7e180,0x0000000793580000)
  to   space 114688K, 0% used [0x000000079e000000,0x000000079e000000,0x00000007a5000000)
 ParOldGen       total 316416K, used 296882K [0x00000006c0000000, 0x00000006d3500000, 0x000000076ab00000)
  object space 316416K, 93% used [0x00000006c0000000,0x00000006d21ecac8,0x00000006d3500000)
 Metaspace       used 6462K, capacity 7280K, committed 7552K, reserved 1056768K
  class space    used 603K, capacity 616K, committed 640K, reserved 1048576K
Event: 95.081 GC heap after
Heap after GC invocations=23 (full 6):
 PSYoungGen      total 666112K, used 69687K [0x000000076ab00000, 0x00000007a5000000, 0x00000007c0000000)
  eden space 566272K, 0% used [0x000000076ab00000,0x000000076ab00000,0x000000078d400000)
  from space 99840K, 69% used [0x000000078d400000,0x000000079180de10,0x0000000793580000)
  to   space 114688K, 0% used [0x000000079e000000,0x000000079e000000,0x00000007a5000000)
 ParOldGen       total 413696K, used 316151K [0x00000006c0000000, 0x00000006d9400000, 0x000000076ab00000)
  object space 413696K, 76% used [0x00000006c0000000,0x00000006d34bdc58,0x00000006d9400000)
 Metaspace       used 6462K, capacity 7280K, committed 7552K, reserved 1056768K
  class space    used 603K, capacity 616K, committed 640K, reserved 1048576K
}
Event: 103.401 GC heap before
{Heap before GC invocations=24 (full 6):
 PSYoungGen      total 666112K, used 635959K [0x000000076ab00000, 0x00000007a5000000, 0x00000007c0000000)
  eden space 566272K, 100% used [0x000000076ab00000,0x000000078d400000,0x000000078d400000)
  from space 99840K, 69% used [0x000000078d400000,0x000000079180de10,0x0000000793580000)
  to   space 114688K, 0% used [0x000000079e000000,0x000000079e000000,0x00000007a5000000)
 ParOldGen       total 413696K, used 316151K [0x00000006c0000000, 0x00000006d9400000, 0x000000076ab00000)
  object space 413696K, 76% used [0x00000006c0000000,0x00000006d34bdc58,0x00000006d9400000)
 Metaspace       used 6463K, capacity 7280K, committed 7552K, reserved 1056768K
  class space    used 603K, capacity 616K, committed 640K, reserved 1048576K
Event: 112.003 GC heap after
Heap after GC invocations=24 (full 6):
 PSYoungGen      total 828416K, used 92924K [0x000000076ab00000, 0x00000007a7080000, 0x00000007c0000000)
  eden space 713728K, 0% used [0x000000076ab00000,0x000000076ab00000,0x0000000796400000)
  from space 114688K, 81% used [0x000000079e000000,0x00000007a3abf340,0x00000007a5000000)
  to   space 126976K, 0% used [0x0000000796400000,0x0000000796400000,0x000000079e000000)
 ParOldGen       total 413696K, used 382898K [0x00000006c0000000, 0x00000006d9400000, 0x000000076ab00000)
  object space 413696K, 92% used [0x00000006c0000000,0x00000006d75ec878,0x00000006d9400000)
 Metaspace       used 6463K, capacity 7280K, committed 7552K, reserved 1056768K
  class space    used 603K, capacity 616K, committed 640K, reserved 1048576K
}
Event: 112.003 GC heap before
{Heap before GC invocations=25 (full 7):
 PSYoungGen      total 828416K, used 92924K [0x000000076ab00000, 0x00000007a7080000, 0x00000007c0000000)
  eden space 713728K, 0% used [0x000000076ab00000,0x000000076ab00000,0x0000000796400000)
  from space 114688K, 81% used [0x000000079e000000,0x00000007a3abf340,0x00000007a5000000)
  to   space 126976K, 0% used [0x0000000796400000,0x0000000796400000,0x000000079e000000)
 ParOldGen       total 413696K, used 382898K [0x00000006c0000000, 0x00000006d9400000, 0x000000076ab00000)
  object space 413696K, 92% used [0x00000006c0000000,0x00000006d75ec878,0x00000006d9400000)
 Metaspace       used 6463K, capacity 7280K, committed 7552K, reserved 1056768K
  class space    used 603K, capacity 616K, committed 640K, reserved 1048576K
Event: 114.801 GC heap after
Heap after GC invocations=25 (full 7):
 PSYoungGen      total 828416K, used 60768K [0x000000076ab00000, 0x00000007a7080000, 0x00000007c0000000)
  eden space 713728K, 0% used [0x000000076ab00000,0x000000076ab00000,0x0000000796400000)
  from space 114688K, 52% used [0x000000079e000000,0x00000007a1b58068,0x00000007a5000000)
  to   space 126976K, 0% used [0x0000000796400000,0x0000000796400000,0x000000079e000000)
 ParOldGen       total 527872K, used 413689K [0x00000006c0000000, 0x00000006e0380000, 0x000000076ab00000)
  object space 527872K, 78% used [0x00000006c0000000,0x00000006d93fe7e8,0x00000006e0380000)
 Metaspace       used 6463K, capacity 7280K, committed 7552K, reserved 1056768K
  class space    used 603K, capacity 616K, committed 640K, reserved 1048576K
}
Event: 136.553 GC heap before
{Heap before GC invocations=26 (full 7):
 PSYoungGen      total 828416K, used 774496K [0x000000076ab00000, 0x00000007a7080000, 0x00000007c0000000)
  eden space 713728K, 100% used [0x000000076ab00000,0x0000000796400000,0x0000000796400000)
  from space 114688K, 52% used [0x000000079e000000,0x00000007a1b58068,0x00000007a5000000)
  to   space 126976K, 0% used [0x0000000796400000,0x0000000796400000,0x000000079e000000)
 ParOldGen       total 527872K, used 413689K [0x00000006c0000000, 0x00000006e0380000, 0x000000076ab00000)
  object space 527872K, 78% used [0x00000006c0000000,0x00000006d93fe7e8,0x00000006e0380000)
 Metaspace       used 6476K, capacity 7280K, committed 7552K, reserved 1056768K
  class space    used 604K, capacity 616K, committed 640K, reserved 1048576K

