# JRE version: Java(TM) SE Runtime Environment (8.0_91-b14) (build 1.8.0_91-b14)
# Java VM: Java HotSpot(TM) 64-Bit Server VM (25.91-b14 mixed mode linux-amd64 compressed oops)
Heap:
 PSYoungGen      total 796160K, used 99304K [0x000000076ab00000, 0x00000007a5c00000, 0x00000007c0000000)
  eden space 683008K, 0% used [0x000000076ab00000,0x000000076ab00000,0x0000000794600000)
  from space 113152K, 87% used [0x000000079c600000,0x00000007a26fa240,0x00000007a3480000)
  to   space 131072K, 0% used [0x0000000794600000,0x0000000794600000,0x000000079c600000)
 ParOldGen       total 506880K, used 506620K [0x00000006c0000000, 0x00000006def00000, 0x000000076ab00000)
  object space 506880K, 99% used [0x00000006c0000000,0x00000006deebf118,0x00000006def00000)
 Metaspace       used 6463K, capacity 7280K, committed 7552K, reserved 1056768K
  class space    used 603K, capacity 616K, committed 640K, reserved 1048576K
GC Heap History (10 events):
Event: 92.317 GC heap after
Heap after GC invocations=22 (full 5):
 PSYoungGen      total 536064K, used 67579K [0x000000076ab00000, 0x0000000798480000, 0x00000007c0000000)
  eden space 454656K, 0% used [0x000000076ab00000,0x000000076ab00000,0x0000000786700000)
  from space 81408K, 83% used [0x0000000786700000,0x000000078a8fefb0,0x000000078b680000)
  to   space 92160K, 0% used [0x0000000792a80000,0x0000000792a80000,0x0000000798480000)
 ParOldGen       total 381952K, used 278122K [0x00000006c0000000, 0x00000006d7500000, 0x000000076ab00000)
  object space 381952K, 72% used [0x00000006c0000000,0x00000006d0f9a9c0,0x00000006d7500000)
 Metaspace       used 6449K, capacity 7280K, committed 7552K, reserved 1056768K
  class space    used 602K, capacity 616K, committed 640K, reserved 1048576K
}
Event: 96.804 GC heap before
{Heap before GC invocations=23 (full 5):
 PSYoungGen      total 536064K, used 522235K [0x000000076ab00000, 0x0000000798480000, 0x00000007c0000000)
  eden space 454656K, 100% used [0x000000076ab00000,0x0000000786700000,0x0000000786700000)
  from space 81408K, 83% used [0x0000000786700000,0x000000078a8fefb0,0x000000078b680000)
  to   space 92160K, 0% used [0x0000000792a80000,0x0000000792a80000,0x0000000798480000)
 ParOldGen       total 381952K, used 278122K [0x00000006c0000000, 0x00000006d7500000, 0x000000076ab00000)
  object space 381952K, 72% used [0x00000006c0000000,0x00000006d0f9a9c0,0x00000006d7500000)
 Metaspace       used 6449K, capacity 7280K, committed 7552K, reserved 1056768K
  class space    used 602K, capacity 616K, committed 640K, reserved 1048576K
Event: 105.086 GC heap after
Heap after GC invocations=23 (full 5):
 PSYoungGen      total 646656K, used 72455K [0x000000076ab00000, 0x000000079a500000, 0x00000007c0000000)
  eden space 554496K, 0% used [0x000000076ab00000,0x000000076ab00000,0x000000078c880000)
  from space 92160K, 78% used [0x0000000792a80000,0x0000000797141ff8,0x0000000798480000)
  to   space 100352K, 0% used [0x000000078c880000,0x000000078c880000,0x0000000792a80000)
 ParOldGen       total 381952K, used 343152K [0x00000006c0000000, 0x00000006d7500000, 0x000000076ab00000)
  object space 381952K, 89% used [0x00000006c0000000,0x00000006d4f1c378,0x00000006d7500000)
 Metaspace       used 6449K, capacity 7280K, committed 7552K, reserved 1056768K
  class space    used 602K, capacity 616K, committed 640K, reserved 1048576K
}
Event: 105.086 GC heap before
{Heap before GC invocations=24 (full 6):
 PSYoungGen      total 646656K, used 72455K [0x000000076ab00000, 0x000000079a500000, 0x00000007c0000000)
  eden space 554496K, 0% used [0x000000076ab00000,0x000000076ab00000,0x000000078c880000)
  from space 92160K, 78% used [0x0000000792a80000,0x0000000797141ff8,0x0000000798480000)
  to   space 100352K, 0% used [0x000000078c880000,0x000000078c880000,0x0000000792a80000)
 ParOldGen       total 381952K, used 343152K [0x00000006c0000000, 0x00000006d7500000, 0x000000076ab00000)
  object space 381952K, 89% used [0x00000006c0000000,0x00000006d4f1c378,0x00000006d7500000)
 Metaspace       used 6449K, capacity 7280K, committed 7552K, reserved 1056768K
  class space    used 602K, capacity 616K, committed 640K, reserved 1048576K
Event: 108.426 GC heap after
Heap after GC invocations=24 (full 6):
 PSYoungGen      total 646656K, used 32774K [0x000000076ab00000, 0x000000079a500000, 0x00000007c0000000)
  eden space 554496K, 0% used [0x000000076ab00000,0x000000076ab00000,0x000000078c880000)
  from space 92160K, 35% used [0x0000000792a80000,0x0000000794a81820,0x0000000798480000)
  to   space 100352K, 0% used [0x000000078c880000,0x000000078c880000,0x0000000792a80000)
 ParOldGen       total 506880K, used 381831K [0x00000006c0000000, 0x00000006def00000, 0x000000076ab00000)
  object space 506880K, 75% used [0x00000006c0000000,0x00000006d74e1cc8,0x00000006def00000)
 Metaspace       used 6449K, capacity 7280K, committed 7552K, reserved 1056768K
  class space    used 602K, capacity 616K, committed 640K, reserved 1048576K
}
Event: 120.237 GC heap before
{Heap before GC invocations=25 (full 6):
 PSYoungGen      total 646656K, used 587270K [0x000000076ab00000, 0x000000079a500000, 0x00000007c0000000)
  eden space 554496K, 100% used [0x000000076ab00000,0x000000078c880000,0x000000078c880000)
  from space 92160K, 35% used [0x0000000792a80000,0x0000000794a81820,0x0000000798480000)
  to   space 100352K, 0% used [0x000000078c880000,0x000000078c880000,0x0000000792a80000)
 ParOldGen       total 506880K, used 381831K [0x00000006c0000000, 0x00000006def00000, 0x000000076ab00000)
  object space 506880K, 75% used [0x00000006c0000000,0x00000006d74e1cc8,0x00000006def00000)
 Metaspace       used 6459K, capacity 7280K, committed 7552K, reserved 1056768K
  class space    used 603K, capacity 616K, committed 640K, reserved 1048576K
Event: 126.028 GC heap after
Heap after GC invocations=25 (full 6):
 PSYoungGen      total 654848K, used 89094K [0x000000076ab00000, 0x00000007a3480000, 0x00000007c0000000)
  eden space 554496K, 0% used [0x000000076ab00000,0x000000076ab00000,0x000000078c880000)
  from space 100352K, 88% used [0x000000078c880000,0x0000000791f81b60,0x0000000792a80000)
  to   space 113152K, 0% used [0x000000079c600000,0x000000079c600000,0x00000007a3480000)
 ParOldGen       total 506880K, used 412215K [0x00000006c0000000, 0x00000006def00000, 0x000000076ab00000)
  object space 506880K, 81% used [0x00000006c0000000,0x00000006d928df40,0x00000006def00000)
 Metaspace       used 6459K, capacity 7280K, committed 7552K, reserved 1056768K
  class space    used 603K, capacity 616K, committed 640K, reserved 1048576K
}
Event: 142.345 GC heap before
{Heap before GC invocations=26 (full 6):
 PSYoungGen      total 654848K, used 643590K [0x000000076ab00000, 0x00000007a3480000, 0x00000007c0000000)
  eden space 554496K, 100% used [0x000000076ab00000,0x000000078c880000,0x000000078c880000)
  from space 100352K, 88% used [0x000000078c880000,0x0000000791f81b60,0x0000000792a80000)
  to   space 113152K, 0% used [0x000000079c600000,0x000000079c600000,0x00000007a3480000)
 ParOldGen       total 506880K, used 412215K [0x00000006c0000000, 0x00000006def00000, 0x000000076ab00000)
  object space 506880K, 81% used [0x00000006c0000000,0x00000006d928df40,0x00000006def00000)
 Metaspace       used 6463K, capacity 7280K, committed 7552K, reserved 1056768K
  class space    used 603K, capacity 616K, committed 640K, reserved 1048576K
Event: 156.563 GC heap after
Heap after GC invocations=26 (full 6):
 PSYoungGen      total 796160K, used 110124K [0x000000076ab00000, 0x00000007a5c00000, 0x00000007c0000000)
  eden space 683008K, 0% used [0x000000076ab00000,0x000000076ab00000,0x0000000794600000)
  from space 113152K, 97% used [0x000000079c600000,0x00000007a318b2a0,0x00000007a3480000)
  to   space 131072K, 0% used [0x0000000794600000,0x0000000794600000,0x000000079c600000)
 ParOldGen       total 506880K, used 498130K [0x00000006c0000000, 0x00000006def00000, 0x000000076ab00000)
  object space 506880K, 98% used [0x00000006c0000000,0x00000006de674b20,0x00000006def00000)
 Metaspace       used 6463K, capacity 7280K, committed 7552K, reserved 1056768K
  class space    used 603K, capacity 616K, committed 640K, reserved 1048576K
}
Event: 156.563 GC heap before
{Heap before GC invocations=27 (full 7):
 PSYoungGen      total 796160K, used 110124K [0x000000076ab00000, 0x00000007a5c00000, 0x00000007c0000000)
  eden space 683008K, 0% used [0x000000076ab00000,0x000000076ab00000,0x0000000794600000)
  from space 113152K, 97% used [0x000000079c600000,0x00000007a318b2a0,0x00000007a3480000)
  to   space 131072K, 0% used [0x0000000794600000,0x0000000794600000,0x000000079c600000)
 ParOldGen       total 506880K, used 498130K [0x00000006c0000000, 0x00000006def00000, 0x000000076ab00000)
  object space 506880K, 98% used [0x00000006c0000000,0x00000006de674b20,0x00000006def00000)
 Metaspace       used 6463K, capacity 7280K, committed 7552K, reserved 1056768K
  class space    used 603K, capacity 616K, committed 640K, reserved 1048576K

